# JRE version: OpenJDK Runtime Environment Corretto-17.0.5.8.1 (17.0.5+8) (build 17.0.5+8-LTS)
# Java VM: OpenJDK 64-Bit Server VM Corretto-17.0.5.8.1 (17.0.5+8-LTS, mixed mode, emulated-client, sharing, tiered, compressed oops, compressed class ptrs, g1 gc, windows-amd64)
GC Precious Log:
 CPUs: 16 total, 16 available
 Memory: 28524M
 Large Page Support: Disabled
 NUMA Support: Disabled
 Compressed Oops: Enabled (Zero based)
 Heap Region Size: 4M
 Heap Min Capacity: 8M
 Heap Initial Capacity: 448M
 Heap Max Capacity: 7132M
 Pre-touch: Disabled
 Parallel Workers: 13
 Concurrent Workers: 3
 Concurrent Refinement Workers: 13
 Periodic GC: Disabled
Heap:
 garbage-first heap   total 184320K, used 45048K [0x0000000642400000, 0x0000000800000000)
  region size 4096K, 4 young (16384K), 2 survivors (8192K)
 Metaspace       used 57585K, committed 58176K, reserved 1105920K
  class space    used 6994K, committed 7296K, reserved 1048576K
GC Heap History (20 events):
Event: 2.697 GC heap before
{Heap before GC invocations=7 (full 0):
 garbage-first heap   total 81920K, used 50671K [0x0000000642400000, 0x0000000800000000)
  region size 4096K, 8 young (32768K), 1 survivors (4096K)
 Metaspace       used 31117K, committed 31552K, reserved 1081344K
  class space    used 4220K, committed 4416K, reserved 1048576K
}
Event: 2.701 GC heap after
{Heap after GC invocations=8 (full 0):
 garbage-first heap   total 270336K, used 23028K [0x0000000642400000, 0x0000000800000000)
  region size 4096K, 1 young (4096K), 1 survivors (4096K)
 Metaspace       used 31117K, committed 31552K, reserved 1081344K
  class space    used 4220K, committed 4416K, reserved 1048576K
}
Event: 3.495 GC heap before
{Heap before GC invocations=8 (full 0):
 garbage-first heap   total 270336K, used 174580K [0x0000000642400000, 0x0000000800000000)
  region size 4096K, 39 young (159744K), 1 survivors (4096K)
 Metaspace       used 35483K, committed 35968K, reserved 1081344K
  class space    used 4793K, committed 5056K, reserved 1048576K
}
Event: 3.507 GC heap after
{Heap after GC invocations=9 (full 0):
 garbage-first heap   total 270336K, used 43618K [0x0000000642400000, 0x0000000800000000)
  region size 4096K, 5 young (20480K), 5 survivors (20480K)
 Metaspace       used 35483K, committed 35968K, reserved 1081344K
  class space    used 4793K, committed 5056K, reserved 1048576K
}
Event: 3.859 GC heap before
{Heap before GC invocations=9 (full 0):
 garbage-first heap   total 270336K, used 150114K [0x0000000642400000, 0x0000000800000000)
  region size 4096K, 33 young (135168K), 5 survivors (20480K)
 Metaspace       used 35651K, committed 36096K, reserved 1081344K
  class space    used 4810K, committed 5056K, reserved 1048576K
}
Event: 3.862 GC heap after
{Heap after GC invocations=10 (full 0):
 garbage-first heap   total 270336K, used 35701K [0x0000000642400000, 0x0000000800000000)
  region size 4096K, 1 young (4096K), 1 survivors (4096K)
 Metaspace       used 35651K, committed 36096K, reserved 1081344K
  class space    used 4810K, committed 5056K, reserved 1048576K
}
Event: 4.325 GC heap before
{Heap before GC invocations=11 (full 0):
 garbage-first heap   total 151552K, used 121717K [0x0000000642400000, 0x0000000800000000)
  region size 4096K, 23 young (94208K), 1 survivors (4096K)
 Metaspace       used 38748K, committed 39296K, reserved 1089536K
  class space    used 5256K, committed 5504K, reserved 1048576K
}
Event: 4.327 GC heap after
{Heap after GC invocations=12 (full 0):
 garbage-first heap   total 151552K, used 35471K [0x0000000642400000, 0x0000000800000000)
  region size 4096K, 1 young (4096K), 1 survivors (4096K)
 Metaspace       used 38748K, committed 39296K, reserved 1089536K
  class space    used 5256K, committed 5504K, reserved 1048576K
}
Event: 4.642 GC heap before
{Heap before GC invocations=12 (full 0):
 garbage-first heap   total 151552K, used 109199K [0x0000000642400000, 0x0000000800000000)
  region size 4096K, 19 young (77824K), 1 survivors (4096K)
 Metaspace       used 43207K, committed 43712K, reserved 1089536K
  class space    used 5295K, committed 5568K, reserved 1048576K
}
Event: 4.643 GC heap after
{Heap after GC invocations=13 (full 0):
 garbage-first heap   total 151552K, used 35508K [0x0000000642400000, 0x0000000800000000)
  region size 4096K, 1 young (4096K), 1 survivors (4096K)
 Metaspace       used 43207K, committed 43712K, reserved 1089536K
  class space    used 5295K, committed 5568K, reserved 1048576K
}
Event: 4.797 GC heap before
{Heap before GC invocations=13 (full 0):
 garbage-first heap   total 151552K, used 109236K [0x0000000642400000, 0x0000000800000000)
  region size 4096K, 19 young (77824K), 1 survivors (4096K)
 Metaspace       used 43207K, committed 43712K, reserved 1089536K
  class space    used 5295K, committed 5568K, reserved 1048576K
}
Event: 4.799 GC heap after
{Heap after GC invocations=14 (full 0):
 garbage-first heap   total 151552K, used 35543K [0x0000000642400000, 0x0000000800000000)
  region size 4096K, 1 young (4096K), 1 survivors (4096K)
 Metaspace       used 43207K, committed 43712K, reserved 1089536K
  class space    used 5295K, committed 5568K, reserved 1048576K
}
Event: 4.941 GC heap before
{Heap before GC invocations=14 (full 0):
 garbage-first heap   total 151552K, used 113367K [0x0000000642400000, 0x0000000800000000)
  region size 4096K, 20 young (81920K), 1 survivors (4096K)
 Metaspace       used 43207K, committed 43712K, reserved 1089536K
  class space    used 5295K, committed 5568K, reserved 1048576K
}
Event: 4.943 GC heap after
{Heap after GC invocations=15 (full 0):
 garbage-first heap   total 151552K, used 35566K [0x0000000642400000, 0x0000000800000000)
  region size 4096K, 1 young (4096K), 1 survivors (4096K)
 Metaspace       used 43207K, committed 43712K, reserved 1089536K
  class space    used 5295K, committed 5568K, reserved 1048576K
}
Event: 5.124 GC heap before
{Heap before GC invocations=15 (full 0):
 garbage-first heap   total 151552K, used 117486K [0x0000000642400000, 0x0000000800000000)
  region size 4096K, 21 young (86016K), 1 survivors (4096K)
 Metaspace       used 43207K, committed 43712K, reserved 1089536K
  class space    used 5295K, committed 5568K, reserved 1048576K
}
Event: 5.126 GC heap after
{Heap after GC invocations=16 (full 0):
 garbage-first heap   total 151552K, used 35527K [0x0000000642400000, 0x0000000800000000)
  region size 4096K, 1 young (4096K), 1 survivors (4096K)
 Metaspace       used 43207K, committed 43712K, reserved 1089536K
  class space    used 5295K, committed 5568K, reserved 1048576K
}
Event: 5.483 GC heap before
{Heap before GC invocations=16 (full 0):
 garbage-first heap   total 151552K, used 117447K [0x0000000642400000, 0x0000000800000000)
  region size 4096K, 21 young (86016K), 1 survivors (4096K)
 Metaspace       used 45309K, committed 45824K, reserved 1089536K
  class space    used 5558K, committed 5824K, reserved 1048576K
}
Event: 5.485 GC heap after
{Heap after GC invocations=17 (full 0):
 garbage-first heap   total 184320K, used 35957K [0x0000000642400000, 0x0000000800000000)
  region size 4096K, 1 young (4096K), 1 survivors (4096K)
 Metaspace       used 45309K, committed 45824K, reserved 1089536K
  class space    used 5558K, committed 5824K, reserved 1048576K
}
Event: 7.206 GC heap before
{Heap before GC invocations=17 (full 0):
 garbage-first heap   total 184320K, used 138357K [0x0000000642400000, 0x0000000800000000)
  region size 4096K, 27 young (110592K), 1 survivors (4096K)
 Metaspace       used 57567K, committed 58112K, reserved 1105920K
  class space    used 6992K, committed 7296K, reserved 1048576K
}
Event: 7.209 GC heap after
{Heap after GC invocations=18 (full 0):
 garbage-first heap   total 184320K, used 40952K [0x0000000642400000, 0x0000000800000000)
  region size 4096K, 2 young (8192K), 2 survivors (8192K)
 Metaspace       used 57567K, committed 58112K, reserved 1105920K
  class space    used 6992K, committed 7296K, reserved 1048576K
}

